<?xml version="1.0" encoding="UTF-8"?>
<!-- Generated by org.testng.reporters.JUnitReportReporter -->
<testsuite hostname="Teja" failures="0" tests="1" name="maven.maven.vijay" time="13.947" errors="0" timestamp="17 Jul 2018 09:36:25 GMT" skipped="0">
  <testcase classname="maven.maven.vijay" name="Tc_1" time="13.947"/>
</testsuite> <!-- maven.maven.vijay -->
